Determining if the pthread_create exist failed with the following output:
Change Dir: /home/alvaro/alpha_bot_workspace/alpha_bot_ws/build/CMakeFiles/CMakeTmp

Run Build Command:"/usr/bin/make" "cmTC_192f0/fast"
/usr/bin/make -f CMakeFiles/cmTC_192f0.dir/build.make CMakeFiles/cmTC_192f0.dir/build
make[1]: se entra en el directorio '/home/alvaro/alpha_bot_workspace/alpha_bot_ws/build/CMakeFiles/CMakeTmp'
Building C object CMakeFiles/cmTC_192f0.dir/CheckSymbolExists.c.o
/usr/bin/cc    -o CMakeFiles/cmTC_192f0.dir/CheckSymbolExists.c.o   -c /home/alvaro/alpha_bot_workspace/alpha_bot_ws/build/CMakeFiles/CMakeTmp/CheckSymbolExists.c
Linking C executable cmTC_192f0
/usr/bin/cmake -E cmake_link_script CMakeFiles/cmTC_192f0.dir/link.txt --verbose=1
/usr/bin/cc      -rdynamic CMakeFiles/cmTC_192f0.dir/CheckSymbolExists.c.o  -o cmTC_192f0 
CMakeFiles/cmTC_192f0.dir/CheckSymbolExists.c.o: En la función `main':
CheckSymbolExists.c:(.text+0x1b): referencia a `pthread_create' sin definir
collect2: error: ld returned 1 exit status
CMakeFiles/cmTC_192f0.dir/build.make:97: fallo en las instrucciones para el objetivo 'cmTC_192f0'
make[1]: *** [cmTC_192f0] Error 1
make[1]: se sale del directorio '/home/alvaro/alpha_bot_workspace/alpha_bot_ws/build/CMakeFiles/CMakeTmp'
Makefile:126: fallo en las instrucciones para el objetivo 'cmTC_192f0/fast'
make: *** [cmTC_192f0/fast] Error 2

File /home/alvaro/alpha_bot_workspace/alpha_bot_ws/build/CMakeFiles/CMakeTmp/CheckSymbolExists.c:
/* */
#include <pthread.h>

int main(int argc, char** argv)
{
  (void)argv;
#ifndef pthread_create
  return ((int*)(&pthread_create))[argc];
#else
  (void)argc;
  return 0;
#endif
}

Determining if the function pthread_create exists in the pthreads failed with the following output:
Change Dir: /home/alvaro/alpha_bot_workspace/alpha_bot_ws/build/CMakeFiles/CMakeTmp

Run Build Command:"/usr/bin/make" "cmTC_55925/fast"
/usr/bin/make -f CMakeFiles/cmTC_55925.dir/build.make CMakeFiles/cmTC_55925.dir/build
make[1]: se entra en el directorio '/home/alvaro/alpha_bot_workspace/alpha_bot_ws/build/CMakeFiles/CMakeTmp'
Building C object CMakeFiles/cmTC_55925.dir/CheckFunctionExists.c.o
/usr/bin/cc   -DCHECK_FUNCTION_EXISTS=pthread_create   -o CMakeFiles/cmTC_55925.dir/CheckFunctionExists.c.o   -c /usr/share/cmake-3.10/Modules/CheckFunctionExists.c
Linking C executable cmTC_55925
/usr/bin/cmake -E cmake_link_script CMakeFiles/cmTC_55925.dir/link.txt --verbose=1
/usr/bin/cc  -DCHECK_FUNCTION_EXISTS=pthread_create    -rdynamic CMakeFiles/cmTC_55925.dir/CheckFunctionExists.c.o  -o cmTC_55925 -lpthreads 
/usr/bin/ld: no se puede encontrar -lpthreads
collect2: error: ld returned 1 exit status
CMakeFiles/cmTC_55925.dir/build.make:97: fallo en las instrucciones para el objetivo 'cmTC_55925'
make[1]: *** [cmTC_55925] Error 1
make[1]: se sale del directorio '/home/alvaro/alpha_bot_workspace/alpha_bot_ws/build/CMakeFiles/CMakeTmp'
Makefile:126: fallo en las instrucciones para el objetivo 'cmTC_55925/fast'
make: *** [cmTC_55925/fast] Error 2


